<?xml version="1.0" encoding="UTF-8"?>
<!-- Generated by org.testng.reporters.JUnitXMLReporter -->
<testsuite hostname="DESKTOP-01THEB1" ignored="0" name="Regression" tests="1" failures="1" timestamp="07 Dec 2019 16:31:19 GMT" time="68.238" errors="0">
  <testcase name="TC_01_linenSareeScript" time="19.745" classname="com.craftsvilla.testscripts.LinenSareesScripts">
    <failure type="java.lang.AssertionError" message="null">
      <![CDATA[java.lang.AssertionError: null
at com.craftsvilla.testscripts.LinenSareesScripts.TC_01_linenSareeScript(LinenSareesScripts.java:35)
... Removed 26 stack frames]]>
    </failure>
  </testcase> <!-- TC_01_linenSareeScript -->
</testsuite> <!-- Regression -->
